# this is a log for future reference of the steps required to initially set up the hodl desk

git clone https://github.com/tomholford/hodl.git
cd git/urbit
cd pkg
./symbolic-merge.sh base-dev hodl
./symbolic-merge.sh garden-dev hodl
cp -rL hodl/* ~/urbit/hodler/hodl/
sudo cp -rL hodl/* ~/urbit/hodler/hodl/
cd
cd git
cd hodl
sudo cp -rv ./desk/* ~/urbit/hodler/hodl/

# on ship
|commit %hodl


# to update base dev / garden dev mime types
# on hodler
cd git/urbit
sudo rsync -avL --delete ./pkg/base-dev/* ~/urbit/hodler/hodl
sudo rsync -avL ./pkg/garden-dev/* ~/urbit/hodler/hodl
cd
cd git/hodl/
sudo rsync -avL ./desk/* ~/urbit/hodler/hod